Added Component: Designator=JAE_TX4(TX_24)
Added Component: Designator=USB Type A(USB 2.0 SMD)
Added Pin To Net: NetName=+5V Pin=JAE_TX4-17
Added Net: Name=+5V
Added Pin To Net: NetName=BATT Pin=JAE_TX4-15
Added Net: Name=BATT
Added Pin To Net: NetName=BUS ID Pin=JAE_TX4-23
Added Net: Name=BUS ID
Added Pin To Net: NetName=CANH1 Pin=JAE_TX4-12
Added Net: Name=CANH1
Added Pin To Net: NetName=CANL1 Pin=JAE_TX4-13
Added Net: Name=CANL1
Added Pin To Net: NetName=D_N Pin=JAE_TX4-1
Added Pin To Net: NetName=D_N Pin=USB Type A-2
Added Net: Name=D_N
Added Pin To Net: NetName=D_P Pin=JAE_TX4-2
Added Pin To Net: NetName=D_P Pin=USB Type A-3
Added Net: Name=D_P
Added Pin To Net: NetName=GND Pin=JAE_TX4-14
Added Pin To Net: NetName=GND Pin=JAE_TX4-21
Added Pin To Net: NetName=GND Pin=JAE_TX4-27
Added Pin To Net: NetName=GND Pin=JAE_TX4-28
Added Pin To Net: NetName=GND Pin=JAE_TX4-29
Added Net: Name=GND
Added Pin To Net: NetName=SER2CT Pin=JAE_TX4-25
Added Net: Name=SER2CT
Added Pin To Net: NetName=SER2RT Pin=JAE_TX4-10
Added Net: Name=SER2RT
Added Pin To Net: NetName=SER2RX Pin=JAE_TX4-26
Added Net: Name=SER2RX
Added Pin To Net: NetName=SER2TX Pin=JAE_TX4-11
Added Net: Name=SER2TX
Added Pin To Net: NetName=SER5RX Pin=JAE_TX4-24
Added Net: Name=SER5RX
Added Pin To Net: NetName=SER5TX Pin=JAE_TX4-9
Added Net: Name=SER5TX
Added Pin To Net: NetName=USB_5V Pin=JAE_TX4-19
Added Pin To Net: NetName=USB_5V Pin=USB Type A-1
Added Net: Name=USB_5V
Added Pin To Net: NetName=USB_GND Pin=JAE_TX4-16
Added Pin To Net: NetName=USB_GND Pin=USB Type A-4
Added Net: Name=USB_GND
Added Class: Name=Accessory_Breakout_X1
Added Room: Name=Accessory_Breakout_X1
