Added Component: Designator=JAE_TX4(TX_24)
Added Component: Designator=USB Type A(USB 2.0 Type A Female)
Added Pin To Net: NetName=+5V_USB Pin=USB Type A-1
Added Net: Name=+5V_USB
Added Pin To Net: NetName=BATT Pin=JAE_TX4-15
Added Net: Name=BATT
Added Pin To Net: NetName=D_N Pin=USB Type A-2
Added Net: Name=D_N
Added Pin To Net: NetName=D_P Pin=USB Type A-3
Added Net: Name=D_P
Added Pin To Net: NetName=GND Pin=JAE_TX4-21
Added Pin To Net: NetName=GND Pin=JAE_TX4-27
Added Pin To Net: NetName=GND Pin=JAE_TX4-28
Added Pin To Net: NetName=GND Pin=JAE_TX4-29
Added Pin To Net: NetName=GND Pin=USB Type A-4
Added Net: Name=GND
Added Pin To Net: NetName=USB_5V Pin=JAE_TX4-19
Added Net: Name=USB_5V
Added Pin To Net: NetName=USB_GND Pin=JAE_TX4-16
Added Net: Name=USB_GND
Added Class: Name=Accessory_Breakout_X1
Added Room: Name=Accessory_Breakout_X1
